<?xml version="1.0" encoding="UTF-8"?>
<!-- Generated by org.testng.reporters.JUnitReportReporter -->
<testsuite hostname="Sachin" name="MavenProject2.MVNTest.App" tests="1" failures="0" timestamp="25 Sep 2019 06:32:20 GMT" time="0.094" errors="0">
  <testcase name="verifyTitle" time="0.094" classname="MavenProject2.MVNTest.App"/>
</testsuite> <!-- MavenProject2.MVNTest.App -->
